Build started 12/20/2011 1:39:14 PM.
     1>Project "C:\git\adauthftw\adauthftw\adauthftw.vcxproj" on node 2 (build target(s)).
     1>InitializeBuildStatus:
         Creating "Debug\adauthftw.unsuccessfulbuild" because "AlwaysCreate" was specified.
       GenerateTargetFrameworkMonikerAttribute:
       Skipping target "GenerateTargetFrameworkMonikerAttribute" because all output files are up-to-date with respect to the input files.
     1>C:\Program Files\MSBuild\Microsoft.Cpp\v4.0\Microsoft.MetaGen.targets(91,5): warning : Required file "D:\GIT\NODE.NET\SHARPLIB\BIN\DEBUG\TSQLFTWLIB.DLL" is missing.
         The previous error was converted to a warning because the task was called with ContinueOnError=true.
       ClCompile:
         All outputs are up-to-date.
         C:\Program Files\Microsoft Visual Studio 10.0\VC\bin\CL.exe /c /AI"C:\Program Files\Reference Assemblies\Microsoft\Framework\.NETFramework\v4.0" /Zi /clr /nologo /W3 /WX- /Od /Oy- /D WIN32 /D _DEBUG /D _WINDLL /D _UNICODE /D UNICODE /EHa /MDd /GS /fp:precise /Zc:wchar_t /Zc:forScope /Fo"Debug\\" /Fd"Debug\vc100.pdb" /TP /analyze- /errorReport:prompt adauthftwHelper.cpp /clr:nostdlib 
         adauthftwHelper.cpp
     1>C:\node-v0.6.5\src\node_object_wrap.h(57): warning C4251: 'node::ObjectWrap::handle_' : class 'v8::Persistent<T>' needs to have dll-interface to be used by clients of class 'node::ObjectWrap'
                 with
                 [
                     T=v8::Object
                 ]
         All outputs are up-to-date.
       ManagedIncrementalBuildPostProcessDependencyGraph:
         To improve incremental build performance for managed components, please make sure that the 'VC++ Directories->Reference Directories' points to all the paths which contain the referenced managed assemblies.
         Could not load file or assembly 'file:///C:\PROGRAM FILES (X86)\MICROSOFT VISUAL STUDIO 10.0\VC\BIN\1033\CLUI.DLL' or one of its dependencies. The system cannot find the file specified.
         To improve incremental build performance for managed components, please make sure that the 'VC++ Directories->Reference Directories' points to all the paths which contain the referenced managed assemblies.
         Could not load file or assembly 'file:///C:\PROGRAM FILES (X86)\REFERENCE ASSEMBLIES\MICROSOFT\FRAMEWORK\.NETFRAMEWORK\V4.0\MSCORLIB.DLL' or one of its dependencies. The system cannot find the file specified.
         To improve incremental build performance for managed components, please make sure that the 'VC++ Directories->Reference Directories' points to all the paths which contain the referenced managed assemblies.
         Could not load file or assembly 'file:///C:\PROGRAM FILES (X86)\REFERENCE ASSEMBLIES\MICROSOFT\FRAMEWORK\.NETFRAMEWORK\V4.0\MICROSOFT.VISUALC.DLL' or one of its dependencies. The system cannot find the file specified.
       Link:
         C:\Program Files\Microsoft Visual Studio 10.0\VC\bin\link.exe /ERRORREPORT:PROMPT /OUT:"C:\git\adauthftw\Debug\adauthftw.node" /INCREMENTAL /NOLOGO kernel32.lib user32.lib gdi32.lib winspool.lib comdlg32.lib advapi32.lib shell32.lib ole32.lib oleaut32.lib uuid.lib odbc32.lib odbccp32.lib /MANIFEST /ManifestFile:"Debug\adauthftw.node.intermediate.manifest" /MANIFESTUAC:"level='asInvoker' uiAccess='false'" /DEBUG /PDB:"C:\git\adauthftw\Debug\adauthftw.pdb" /ASSEMBLYDEBUG /TLBID:1 /DYNAMICBASE /FIXED:NO /NXCOMPAT /MACHINE:X86 /DLL Debug\adauthftw.obj
         Debug\adauthftwHelper.obj
         "Debug\.NETFramework,Version=v4.0.AssemblyAttributes.obj"
            Creating library C:\git\adauthftw\Debug\adauthftw.lib and object C:\git\adauthftw\Debug\adauthftw.exp
     1>adauthftwHelper.obj : warning LNK4248: unresolved typeref token (01000013) for 'v8.internal.Object'; image may not run
         adauthftw.vcxproj -> C:\git\adauthftw\Debug\adauthftw.node
       Manifest:
         c:\Program Files\Microsoft SDKs\Windows\v7.0A\bin\mt.exe /nologo /verbose /outputresource:"C:\git\adauthftw\Debug\adauthftw.node;#2" /manifest Debug\adauthftw.node.intermediate.manifest
       FinalizeBuildStatus:
         Deleting file "Debug\adauthftw.unsuccessfulbuild".
         Touching "Debug\adauthftw.lastbuildstate".
     1>Done Building Project "C:\git\adauthftw\adauthftw\adauthftw.vcxproj" (build target(s)).

Build succeeded.

Time Elapsed 00:00:03.14
